<?xml version="1.0" encoding="UTF-8"?>
<!-- Generated by org.testng.reporters.JUnitXMLReporter -->
<testsuite ignored="0" hostname="DESKTOP-2M92HRM" failures="1" tests="1" name="Test" time="12.841" errors="0" timestamp="2024-06-08T23:28:17 IST">
  <testcase classname="shivamcode.asserttion_dataprovider" name="assertion" time="12.767">
    <failure type="java.lang.AssertionError" message="The following asserts failed:
	expected [Welcome Shivam] but found []">
      <![CDATA[java.lang.AssertionError: The following asserts failed:
expected [Welcome Shivam] but found []
at shivamcode.asserttion_dataprovider.assertion(asserttion_dataprovider.java:39)
at java.base/java.util.ArrayList.forEach(ArrayList.java:1511)
... Removed 29 stack frames]]>
    </failure>
  </testcase> <!-- assertion -->
</testsuite> <!-- Test -->
