<?xml version="1.0" encoding="UTF-8"?>
<testng-results ignored="0" total="3" passed="3" failed="0" skipped="0">
  <reporter-output>
  </reporter-output>
  <suite started-at="2024-06-07T12:04:47 IST" name="Suite" finished-at="2024-06-07T12:04:47 IST" duration-ms="104">
    <groups>
    </groups>
    <test started-at="2024-06-07T12:04:47 IST" name="WebTesting" finished-at="2024-06-07T12:04:47 IST" duration-ms="41">
      <class name="learn_testNG.WebTesting">
        <test-method is-config="true" signature="beforeTest()[pri:0, instance:learn_testNG.WebTesting@7f3b84b8]" started-at="2024-06-07T12:04:47 IST" name="beforeTest" finished-at="2024-06-07T12:04:47 IST" duration-ms="1" status="PASS">
          <reporter-output>
          </reporter-output>
        </test-method> <!-- beforeTest -->
        <test-method signature="firstWebTest()[pri:0, instance:learn_testNG.WebTesting@7f3b84b8]" started-at="2024-06-07T12:04:47 IST" name="firstWebTest" finished-at="2024-06-07T12:04:47 IST" duration-ms="4" status="PASS">
          <reporter-output>
          </reporter-output>
        </test-method> <!-- firstWebTest -->
        <test-method signature="secondWebTest()[pri:1, instance:learn_testNG.WebTesting@7f3b84b8]" started-at="2024-06-07T12:04:47 IST" name="secondWebTest" finished-at="2024-06-07T12:04:47 IST" duration-ms="1" status="PASS">
          <reporter-output>
          </reporter-output>
        </test-method> <!-- secondWebTest -->
        <test-method is-config="true" signature="afterTest()[pri:0, instance:learn_testNG.WebTesting@7f3b84b8]" started-at="2024-06-07T12:04:47 IST" name="afterTest" finished-at="2024-06-07T12:04:47 IST" duration-ms="0" status="PASS">
          <reporter-output>
          </reporter-output>
        </test-method> <!-- afterTest -->
      </class> <!-- learn_testNG.WebTesting -->
    </test> <!-- WebTesting -->
    <test started-at="2024-06-07T12:04:47 IST" name="MobileTesting" finished-at="2024-06-07T12:04:47 IST" duration-ms="6">
      <class name="learn_testNG.MobileTesting">
        <test-method is-config="true" signature="beforeSuite()[pri:0, instance:learn_testNG.MobileTesting@1bb5a082]" started-at="2024-06-07T12:04:47 IST" name="beforeSuite" finished-at="2024-06-07T12:04:47 IST" duration-ms="11" status="PASS">
          <reporter-output>
          </reporter-output>
        </test-method> <!-- beforeSuite -->
        <test-method is-config="true" signature="beforeClass()[pri:0, instance:learn_testNG.MobileTesting@1bb5a082]" started-at="2024-06-07T12:04:47 IST" name="beforeClass" finished-at="2024-06-07T12:04:47 IST" duration-ms="1" status="PASS">
          <reporter-output>
          </reporter-output>
        </test-method> <!-- beforeClass -->
        <test-method signature="firstMobileTest()[pri:0, instance:learn_testNG.MobileTesting@1bb5a082]" started-at="2024-06-07T12:04:47 IST" name="firstMobileTest" finished-at="2024-06-07T12:04:47 IST" duration-ms="1" status="PASS">
          <reporter-output>
          </reporter-output>
        </test-method> <!-- firstMobileTest -->
        <test-method is-config="true" signature="afterClass()[pri:0, instance:learn_testNG.MobileTesting@1bb5a082]" started-at="2024-06-07T12:04:47 IST" name="afterClass" finished-at="2024-06-07T12:04:47 IST" duration-ms="1" status="PASS">
          <reporter-output>
          </reporter-output>
        </test-method> <!-- afterClass -->
        <test-method is-config="true" signature="afterSuite()[pri:0, instance:learn_testNG.MobileTesting@1bb5a082]" started-at="2024-06-07T12:04:47 IST" name="afterSuite" finished-at="2024-06-07T12:04:47 IST" duration-ms="1" status="PASS">
          <reporter-output>
          </reporter-output>
        </test-method> <!-- afterSuite -->
      </class> <!-- learn_testNG.MobileTesting -->
    </test> <!-- MobileTesting -->
  </suite> <!-- Suite -->
</testng-results>
