<?xml version="1.0" encoding="UTF-8"?>
<testng-results ignored="0" total="2" passed="2" failed="0" skipped="0">
  <reporter-output>
  </reporter-output>
  <suite started-at="2024-06-07T12:09:01 IST" name="Suite" finished-at="2024-06-07T12:09:01 IST" duration-ms="114">
    <groups>
      <group name="Smoke">
        <method signature="WebTesting.secondWebTest()[pri:1, instance:learn_testNG.WebTesting@72d1ad2e]" name="secondWebTest" class="learn_testNG.WebTesting"/>
        <method signature="MobileTesting.firstMobileTest()[pri:0, instance:learn_testNG.MobileTesting@3270d194]" name="firstMobileTest" class="learn_testNG.MobileTesting"/>
      </group> <!-- Smoke -->
    </groups>
    <test started-at="2024-06-07T12:09:01 IST" name="WebTesting" finished-at="2024-06-07T12:09:01 IST" duration-ms="50">
      <class name="learn_testNG.WebTesting">
        <test-method signature="secondWebTest()[pri:1, instance:learn_testNG.WebTesting@72d1ad2e]" started-at="2024-06-07T12:09:01 IST" name="secondWebTest" finished-at="2024-06-07T12:09:01 IST" duration-ms="9" status="PASS">
          <reporter-output>
          </reporter-output>
        </test-method> <!-- secondWebTest -->
      </class> <!-- learn_testNG.WebTesting -->
    </test> <!-- WebTesting -->
    <test started-at="2024-06-07T12:09:01 IST" name="MobileTesting" finished-at="2024-06-07T12:09:01 IST" duration-ms="3">
      <class name="learn_testNG.MobileTesting">
        <test-method signature="firstMobileTest()[pri:0, instance:learn_testNG.MobileTesting@3270d194]" started-at="2024-06-07T12:09:01 IST" name="firstMobileTest" finished-at="2024-06-07T12:09:01 IST" duration-ms="1" status="PASS">
          <reporter-output>
          </reporter-output>
        </test-method> <!-- firstMobileTest -->
      </class> <!-- learn_testNG.MobileTesting -->
    </test> <!-- MobileTesting -->
  </suite> <!-- Suite -->
</testng-results>
