<?xml version="1.0" encoding="UTF-8"?>
<testng-results ignored="0" total="2" passed="2" failed="0" skipped="0">
  <reporter-output>
  </reporter-output>
  <suite started-at="2024-06-21T18:54:17 IST" name="Default suite" finished-at="2024-06-21T18:54:17 IST" duration-ms="58">
    <groups>
    </groups>
    <test started-at="2024-06-21T18:54:17 IST" name="Default test" finished-at="2024-06-21T18:54:17 IST" duration-ms="58">
      <class name="learnListener.MYTest">
        <test-method signature="prashant()[pri:0, instance:learnListener.MYTest@12468a38]" started-at="2024-06-21T18:54:17 IST" name="prashant" finished-at="2024-06-21T18:54:17 IST" duration-ms="9" status="PASS">
          <reporter-output>
          </reporter-output>
        </test-method> <!-- prashant -->
        <test-method signature="vinod()[pri:0, instance:learnListener.MYTest@12468a38]" started-at="2024-06-21T18:54:17 IST" name="vinod" finished-at="2024-06-21T18:54:17 IST" duration-ms="2" status="PASS">
          <reporter-output>
          </reporter-output>
        </test-method> <!-- vinod -->
      </class> <!-- learnListener.MYTest -->
    </test> <!-- Default test -->
  </suite> <!-- Default suite -->
</testng-results>
